2023-06-08T17:48:24.716Z [Modules] Modules initializing
2023-06-08T17:48:24.717Z [Modules] Distribution: remote
2023-06-08T17:48:24.717Z [Modules] Host updates: enabled
2023-06-08T17:48:24.717Z [Modules] Module updates: enabled
2023-06-08T17:48:24.718Z [Modules] Module install path: /home/oleg/.config/discord/0.0.27/modules
2023-06-08T17:48:24.718Z [Modules] Module installed file path: /home/oleg/.config/discord/0.0.27/modules/installed.json
2023-06-08T17:48:24.718Z [Modules] Module download path: /home/oleg/.config/discord/0.0.27/modules/pending
2023-06-08T17:48:25.494Z [Modules] Bootstrapping...
2023-06-08T17:48:25.496Z [Modules] Installing discord_desktop_core@0 from /opt/discord/resources/bootstrap/discord_desktop_core.zip
2023-06-08T17:48:25.542Z [Modules] Failed installing discord_desktop_core@0: Error: ENOENT: no such file or directory, open '/opt/discord/resources/bootstrap/discord_desktop_core.zip'
2023-06-08T17:48:25.545Z [Modules] Installing discord_erlpack@0 from /opt/discord/resources/bootstrap/discord_erlpack.zip
2023-06-08T17:48:25.570Z [Modules] Failed installing discord_erlpack@0: Error: ENOENT: no such file or directory, open '/opt/discord/resources/bootstrap/discord_erlpack.zip'
2023-06-08T17:48:25.572Z [Modules] Installing discord_spellcheck@0 from /opt/discord/resources/bootstrap/discord_spellcheck.zip
2023-06-08T17:48:25.605Z [Modules] Failed installing discord_spellcheck@0: Error: ENOENT: no such file or directory, open '/opt/discord/resources/bootstrap/discord_spellcheck.zip'
2023-06-08T17:48:25.610Z [Modules] Installing discord_utils@0 from /opt/discord/resources/bootstrap/discord_utils.zip
2023-06-08T17:48:25.621Z [Modules] Failed installing discord_utils@0: Error: ENOENT: no such file or directory, open '/opt/discord/resources/bootstrap/discord_utils.zip'
2023-06-08T17:48:25.632Z [Modules] Installing discord_voice@0 from /opt/discord/resources/bootstrap/discord_voice.zip
2023-06-08T17:48:25.635Z [Modules] Failed installing discord_voice@0: Error: ENOENT: no such file or directory, open '/opt/discord/resources/bootstrap/discord_voice.zip'
2023-06-08T17:48:25.636Z [Modules] Finished module installations. [success: 0] [failure: 5]
2023-06-08T17:48:25.640Z [Modules] Checking for host updates.
2023-06-08T17:48:25.957Z [Modules] Host is up to date.
2023-06-08T17:48:25.970Z [Modules] Checking for module updates at https://discord.com/api/modules/stable/versions.json
2023-06-08T17:48:26.064Z [Modules] Module update available: discord_desktop_core@1 [installed: 0]
2023-06-08T17:48:26.064Z [Modules] Module update available: discord_erlpack@1 [installed: 0]
2023-06-08T17:48:26.064Z [Modules] Module update available: discord_spellcheck@1 [installed: 0]
2023-06-08T17:48:26.064Z [Modules] Module update available: discord_utils@1 [installed: 0]
2023-06-08T17:48:26.065Z [Modules] Module update available: discord_voice@1 [installed: 0]
2023-06-08T17:48:26.065Z [Modules] Fetching discord_desktop_core@1 from https://discord.com/api/modules/stable/discord_desktop_core/1
2023-06-08T17:48:26.065Z [Modules] Streaming discord_desktop_core@1 to /home/oleg/.config/discord/0.0.27/modules/pending/discord_desktop_core-1.zip
2023-06-08T17:48:26.363Z [Modules] Streaming discord_desktop_core@1 to /home/oleg/.config/discord/0.0.27/modules/pending/discord_desktop_core-1.zip: 1%
2023-06-08T17:48:26.370Z [Modules] Streaming discord_desktop_core@1 to /home/oleg/.config/discord/0.0.27/modules/pending/discord_desktop_core-1.zip: 2%
2023-06-08T17:48:26.381Z [Modules] Streaming discord_desktop_core@1 to /home/oleg/.config/discord/0.0.27/modules/pending/discord_desktop_core-1.zip: 3%
2023-06-08T17:48:26.393Z [Modules] Streaming discord_desktop_core@1 to /home/oleg/.config/discord/0.0.27/modules/pending/discord_desktop_core-1.zip: 7%
2023-06-08T17:48:26.395Z [Modules] Streaming discord_desktop_core@1 to /home/oleg/.config/discord/0.0.27/modules/pending/discord_desktop_core-1.zip: 8%
2023-06-08T17:48:26.413Z [Modules] Streaming discord_desktop_core@1 to /home/oleg/.config/discord/0.0.27/modules/pending/discord_desktop_core-1.zip: 13%
2023-06-08T17:48:26.426Z [Modules] Streaming discord_desktop_core@1 to /home/oleg/.config/discord/0.0.27/modules/pending/discord_desktop_core-1.zip: 19%
2023-06-08T17:48:26.430Z [Modules] Streaming discord_desktop_core@1 to /home/oleg/.config/discord/0.0.27/modules/pending/discord_desktop_core-1.zip: 23%
2023-06-08T17:48:26.434Z [Modules] Streaming discord_desktop_core@1 to /home/oleg/.config/discord/0.0.27/modules/pending/discord_desktop_core-1.zip: 25%
2023-06-08T17:48:26.448Z [Modules] Streaming discord_desktop_core@1 to /home/oleg/.config/discord/0.0.27/modules/pending/discord_desktop_core-1.zip: 27%
2023-06-08T17:48:26.455Z [Modules] Streaming discord_desktop_core@1 to /home/oleg/.config/discord/0.0.27/modules/pending/discord_desktop_core-1.zip: 31%
2023-06-08T17:48:26.467Z [Modules] Streaming discord_desktop_core@1 to /home/oleg/.config/discord/0.0.27/modules/pending/discord_desktop_core-1.zip: 41%
2023-06-08T17:48:26.469Z [Modules] Streaming discord_desktop_core@1 to /home/oleg/.config/discord/0.0.27/modules/pending/discord_desktop_core-1.zip: 45%
2023-06-08T17:48:26.475Z [Modules] Streaming discord_desktop_core@1 to /home/oleg/.config/discord/0.0.27/modules/pending/discord_desktop_core-1.zip: 49%
2023-06-08T17:48:26.488Z [Modules] Streaming discord_desktop_core@1 to /home/oleg/.config/discord/0.0.27/modules/pending/discord_desktop_core-1.zip: 53%
2023-06-08T17:48:26.529Z [Modules] Streaming discord_desktop_core@1 to /home/oleg/.config/discord/0.0.27/modules/pending/discord_desktop_core-1.zip: 62%
2023-06-08T17:48:26.530Z [Modules] Streaming discord_desktop_core@1 to /home/oleg/.config/discord/0.0.27/modules/pending/discord_desktop_core-1.zip: 71%
2023-06-08T17:48:26.540Z [Modules] Streaming discord_desktop_core@1 to /home/oleg/.config/discord/0.0.27/modules/pending/discord_desktop_core-1.zip: 75%
2023-06-08T17:48:26.542Z [Modules] Streaming discord_desktop_core@1 to /home/oleg/.config/discord/0.0.27/modules/pending/discord_desktop_core-1.zip: 79%
2023-06-08T17:48:26.561Z [Modules] Streaming discord_desktop_core@1 to /home/oleg/.config/discord/0.0.27/modules/pending/discord_desktop_core-1.zip: 84%
2023-06-08T17:48:26.562Z [Modules] Streaming discord_desktop_core@1 to /home/oleg/.config/discord/0.0.27/modules/pending/discord_desktop_core-1.zip: 88%
2023-06-08T17:48:26.571Z [Modules] Streaming discord_desktop_core@1 to /home/oleg/.config/discord/0.0.27/modules/pending/discord_desktop_core-1.zip: 92%
2023-06-08T17:48:26.573Z [Modules] Streaming discord_desktop_core@1 to /home/oleg/.config/discord/0.0.27/modules/pending/discord_desktop_core-1.zip: 97%
2023-06-08T17:48:26.574Z [Modules] Streaming discord_desktop_core@1 to /home/oleg/.config/discord/0.0.27/modules/pending/discord_desktop_core-1.zip: 100%
2023-06-08T17:48:26.578Z [Modules] Fetching discord_erlpack@1 from https://discord.com/api/modules/stable/discord_erlpack/1
2023-06-08T17:48:26.578Z [Modules] Streaming discord_erlpack@1 to /home/oleg/.config/discord/0.0.27/modules/pending/discord_erlpack-1.zip
2023-06-08T17:48:26.841Z [Modules] Streaming discord_erlpack@1 to /home/oleg/.config/discord/0.0.27/modules/pending/discord_erlpack-1.zip: 3%
2023-06-08T17:48:26.927Z [Modules] Streaming discord_erlpack@1 to /home/oleg/.config/discord/0.0.27/modules/pending/discord_erlpack-1.zip: 7%
2023-06-08T17:48:26.949Z [Modules] Streaming discord_erlpack@1 to /home/oleg/.config/discord/0.0.27/modules/pending/discord_erlpack-1.zip: 15%
2023-06-08T17:48:26.962Z [Modules] Streaming discord_erlpack@1 to /home/oleg/.config/discord/0.0.27/modules/pending/discord_erlpack-1.zip: 22%
2023-06-08T17:48:26.970Z [Modules] Streaming discord_erlpack@1 to /home/oleg/.config/discord/0.0.27/modules/pending/discord_erlpack-1.zip: 29%
2023-06-08T17:48:26.978Z [Modules] Streaming discord_erlpack@1 to /home/oleg/.config/discord/0.0.27/modules/pending/discord_erlpack-1.zip: 34%
2023-06-08T17:48:26.985Z [Modules] Streaming discord_erlpack@1 to /home/oleg/.config/discord/0.0.27/modules/pending/discord_erlpack-1.zip: 48%
2023-06-08T17:48:26.996Z [Modules] Streaming discord_erlpack@1 to /home/oleg/.config/discord/0.0.27/modules/pending/discord_erlpack-1.zip: 55%
2023-06-08T17:48:27.002Z [Modules] Streaming discord_erlpack@1 to /home/oleg/.config/discord/0.0.27/modules/pending/discord_erlpack-1.zip: 61%
2023-06-08T17:48:27.005Z [Modules] Streaming discord_erlpack@1 to /home/oleg/.config/discord/0.0.27/modules/pending/discord_erlpack-1.zip: 65%
2023-06-08T17:48:27.015Z [Modules] Streaming discord_erlpack@1 to /home/oleg/.config/discord/0.0.27/modules/pending/discord_erlpack-1.zip: 75%
2023-06-08T17:48:27.024Z [Modules] Streaming discord_erlpack@1 to /home/oleg/.config/discord/0.0.27/modules/pending/discord_erlpack-1.zip: 85%
2023-06-08T17:48:27.026Z [Modules] Streaming discord_erlpack@1 to /home/oleg/.config/discord/0.0.27/modules/pending/discord_erlpack-1.zip: 96%
2023-06-08T17:48:27.033Z [Modules] Streaming discord_erlpack@1 to /home/oleg/.config/discord/0.0.27/modules/pending/discord_erlpack-1.zip: 100%
2023-06-08T17:48:27.035Z [Modules] Fetching discord_spellcheck@1 from https://discord.com/api/modules/stable/discord_spellcheck/1
2023-06-08T17:48:27.036Z [Modules] Streaming discord_spellcheck@1 to /home/oleg/.config/discord/0.0.27/modules/pending/discord_spellcheck-1.zip
2023-06-08T17:48:27.282Z [Modules] Streaming discord_spellcheck@1 to /home/oleg/.config/discord/0.0.27/modules/pending/discord_spellcheck-1.zip: 1%
2023-06-08T17:48:27.304Z [Modules] Streaming discord_spellcheck@1 to /home/oleg/.config/discord/0.0.27/modules/pending/discord_spellcheck-1.zip: 2%
2023-06-08T17:48:27.317Z [Modules] Streaming discord_spellcheck@1 to /home/oleg/.config/discord/0.0.27/modules/pending/discord_spellcheck-1.zip: 3%
2023-06-08T17:48:27.382Z [Modules] Streaming discord_spellcheck@1 to /home/oleg/.config/discord/0.0.27/modules/pending/discord_spellcheck-1.zip: 4%
2023-06-08T17:48:27.597Z [Modules] Streaming discord_spellcheck@1 to /home/oleg/.config/discord/0.0.27/modules/pending/discord_spellcheck-1.zip: 15%
2023-06-08T17:48:27.603Z [Modules] Streaming discord_spellcheck@1 to /home/oleg/.config/discord/0.0.27/modules/pending/discord_spellcheck-1.zip: 20%
2023-06-08T17:48:27.614Z [Modules] Streaming discord_spellcheck@1 to /home/oleg/.config/discord/0.0.27/modules/pending/discord_spellcheck-1.zip: 27%
2023-06-08T17:48:27.620Z [Modules] Streaming discord_spellcheck@1 to /home/oleg/.config/discord/0.0.27/modules/pending/discord_spellcheck-1.zip: 28%
2023-06-08T17:48:27.639Z [Modules] Streaming discord_spellcheck@1 to /home/oleg/.config/discord/0.0.27/modules/pending/discord_spellcheck-1.zip: 29%
2023-06-08T17:48:27.658Z [Modules] Streaming discord_spellcheck@1 to /home/oleg/.config/discord/0.0.27/modules/pending/discord_spellcheck-1.zip: 30%
2023-06-08T17:48:27.694Z [Modules] Streaming discord_spellcheck@1 to /home/oleg/.config/discord/0.0.27/modules/pending/discord_spellcheck-1.zip: 31%
2023-06-08T17:48:27.724Z [Modules] Streaming discord_spellcheck@1 to /home/oleg/.config/discord/0.0.27/modules/pending/discord_spellcheck-1.zip: 32%
2023-06-08T17:48:27.737Z [Modules] Streaming discord_spellcheck@1 to /home/oleg/.config/discord/0.0.27/modules/pending/discord_spellcheck-1.zip: 33%
2023-06-08T17:48:27.750Z [Modules] Streaming discord_spellcheck@1 to /home/oleg/.config/discord/0.0.27/modules/pending/discord_spellcheck-1.zip: 34%
2023-06-08T17:48:27.753Z [Modules] Streaming discord_spellcheck@1 to /home/oleg/.config/discord/0.0.27/modules/pending/discord_spellcheck-1.zip: 35%
2023-06-08T17:48:27.769Z [Modules] Streaming discord_spellcheck@1 to /home/oleg/.config/discord/0.0.27/modules/pending/discord_spellcheck-1.zip: 36%
2023-06-08T17:48:27.780Z [Modules] Streaming discord_spellcheck@1 to /home/oleg/.config/discord/0.0.27/modules/pending/discord_spellcheck-1.zip: 37%
2023-06-08T17:48:27.796Z [Modules] Streaming discord_spellcheck@1 to /home/oleg/.config/discord/0.0.27/modules/pending/discord_spellcheck-1.zip: 38%
2023-06-08T17:48:27.802Z [Modules] Streaming discord_spellcheck@1 to /home/oleg/.config/discord/0.0.27/modules/pending/discord_spellcheck-1.zip: 41%
2023-06-08T17:48:27.817Z [Modules] Streaming discord_spellcheck@1 to /home/oleg/.config/discord/0.0.27/modules/pending/discord_spellcheck-1.zip: 44%
2023-06-08T17:48:27.831Z [Modules] Streaming discord_spellcheck@1 to /home/oleg/.config/discord/0.0.27/modules/pending/discord_spellcheck-1.zip: 46%
2023-06-08T17:48:27.843Z [Modules] Streaming discord_spellcheck@1 to /home/oleg/.config/discord/0.0.27/modules/pending/discord_spellcheck-1.zip: 49%
2023-06-08T17:48:27.858Z [Modules] Streaming discord_spellcheck@1 to /home/oleg/.config/discord/0.0.27/modules/pending/discord_spellcheck-1.zip: 51%
2023-06-08T17:48:27.877Z [Modules] Streaming discord_spellcheck@1 to /home/oleg/.config/discord/0.0.27/modules/pending/discord_spellcheck-1.zip: 53%
2023-06-08T17:48:27.894Z [Modules] Streaming discord_spellcheck@1 to /home/oleg/.config/discord/0.0.27/modules/pending/discord_spellcheck-1.zip: 55%
2023-06-08T17:48:27.909Z [Modules] Streaming discord_spellcheck@1 to /home/oleg/.config/discord/0.0.27/modules/pending/discord_spellcheck-1.zip: 58%
2023-06-08T17:48:27.927Z [Modules] Streaming discord_spellcheck@1 to /home/oleg/.config/discord/0.0.27/modules/pending/discord_spellcheck-1.zip: 60%
2023-06-08T17:48:27.940Z [Modules] Streaming discord_spellcheck@1 to /home/oleg/.config/discord/0.0.27/modules/pending/discord_spellcheck-1.zip: 62%
2023-06-08T17:48:27.955Z [Modules] Streaming discord_spellcheck@1 to /home/oleg/.config/discord/0.0.27/modules/pending/discord_spellcheck-1.zip: 64%
2023-06-08T17:48:27.968Z [Modules] Streaming discord_spellcheck@1 to /home/oleg/.config/discord/0.0.27/modules/pending/discord_spellcheck-1.zip: 66%
2023-06-08T17:48:27.972Z [Modules] Streaming discord_spellcheck@1 to /home/oleg/.config/discord/0.0.27/modules/pending/discord_spellcheck-1.zip: 68%
2023-06-08T17:48:27.980Z [Modules] Streaming discord_spellcheck@1 to /home/oleg/.config/discord/0.0.27/modules/pending/discord_spellcheck-1.zip: 70%
2023-06-08T17:48:27.992Z [Modules] Streaming discord_spellcheck@1 to /home/oleg/.config/discord/0.0.27/modules/pending/discord_spellcheck-1.zip: 72%
2023-06-08T17:48:27.997Z [Modules] Streaming discord_spellcheck@1 to /home/oleg/.config/discord/0.0.27/modules/pending/discord_spellcheck-1.zip: 74%
2023-06-08T17:48:28.001Z [Modules] Streaming discord_spellcheck@1 to /home/oleg/.config/discord/0.0.27/modules/pending/discord_spellcheck-1.zip: 76%
2023-06-08T17:48:28.011Z [Modules] Streaming discord_spellcheck@1 to /home/oleg/.config/discord/0.0.27/modules/pending/discord_spellcheck-1.zip: 79%
2023-06-08T17:48:28.017Z [Modules] Streaming discord_spellcheck@1 to /home/oleg/.config/discord/0.0.27/modules/pending/discord_spellcheck-1.zip: 81%
2023-06-08T17:48:28.033Z [Modules] Streaming discord_spellcheck@1 to /home/oleg/.config/discord/0.0.27/modules/pending/discord_spellcheck-1.zip: 82%
2023-06-08T17:48:28.050Z [Modules] Streaming discord_spellcheck@1 to /home/oleg/.config/discord/0.0.27/modules/pending/discord_spellcheck-1.zip: 84%
2023-06-08T17:48:28.065Z [Modules] Streaming discord_spellcheck@1 to /home/oleg/.config/discord/0.0.27/modules/pending/discord_spellcheck-1.zip: 86%
2023-06-08T17:48:28.070Z [Modules] Streaming discord_spellcheck@1 to /home/oleg/.config/discord/0.0.27/modules/pending/discord_spellcheck-1.zip: 87%
2023-06-08T17:48:28.077Z [Modules] Streaming discord_spellcheck@1 to /home/oleg/.config/discord/0.0.27/modules/pending/discord_spellcheck-1.zip: 88%
2023-06-08T17:48:28.080Z [Modules] Streaming discord_spellcheck@1 to /home/oleg/.config/discord/0.0.27/modules/pending/discord_spellcheck-1.zip: 89%
2023-06-08T17:48:28.093Z [Modules] Streaming discord_spellcheck@1 to /home/oleg/.config/discord/0.0.27/modules/pending/discord_spellcheck-1.zip: 90%
2023-06-08T17:48:28.106Z [Modules] Streaming discord_spellcheck@1 to /home/oleg/.config/discord/0.0.27/modules/pending/discord_spellcheck-1.zip: 92%
2023-06-08T17:48:28.127Z [Modules] Streaming discord_spellcheck@1 to /home/oleg/.config/discord/0.0.27/modules/pending/discord_spellcheck-1.zip: 93%
2023-06-08T17:48:28.133Z [Modules] Streaming discord_spellcheck@1 to /home/oleg/.config/discord/0.0.27/modules/pending/discord_spellcheck-1.zip: 94%
2023-06-08T17:48:28.160Z [Modules] Streaming discord_spellcheck@1 to /home/oleg/.config/discord/0.0.27/modules/pending/discord_spellcheck-1.zip: 97%
2023-06-08T17:48:28.172Z [Modules] Streaming discord_spellcheck@1 to /home/oleg/.config/discord/0.0.27/modules/pending/discord_spellcheck-1.zip: 98%
2023-06-08T17:48:28.182Z [Modules] Streaming discord_spellcheck@1 to /home/oleg/.config/discord/0.0.27/modules/pending/discord_spellcheck-1.zip: 99%
2023-06-08T17:48:28.189Z [Modules] Streaming discord_spellcheck@1 to /home/oleg/.config/discord/0.0.27/modules/pending/discord_spellcheck-1.zip: 100%
2023-06-08T17:48:28.194Z [Modules] Fetching discord_utils@1 from https://discord.com/api/modules/stable/discord_utils/1
2023-06-08T17:48:28.195Z [Modules] Streaming discord_utils@1 to /home/oleg/.config/discord/0.0.27/modules/pending/discord_utils-1.zip
2023-06-08T17:48:28.454Z [Modules] Streaming discord_utils@1 to /home/oleg/.config/discord/0.0.27/modules/pending/discord_utils-1.zip: 2%
2023-06-08T17:48:28.462Z [Modules] Streaming discord_utils@1 to /home/oleg/.config/discord/0.0.27/modules/pending/discord_utils-1.zip: 4%
2023-06-08T17:48:28.468Z [Modules] Streaming discord_utils@1 to /home/oleg/.config/discord/0.0.27/modules/pending/discord_utils-1.zip: 5%
2023-06-08T17:48:28.471Z [Modules] Streaming discord_utils@1 to /home/oleg/.config/discord/0.0.27/modules/pending/discord_utils-1.zip: 8%
2023-06-08T17:48:28.482Z [Modules] Streaming discord_utils@1 to /home/oleg/.config/discord/0.0.27/modules/pending/discord_utils-1.zip: 9%
2023-06-08T17:48:28.488Z [Modules] Streaming discord_utils@1 to /home/oleg/.config/discord/0.0.27/modules/pending/discord_utils-1.zip: 11%
2023-06-08T17:48:28.492Z [Modules] Streaming discord_utils@1 to /home/oleg/.config/discord/0.0.27/modules/pending/discord_utils-1.zip: 12%
2023-06-08T17:48:28.498Z [Modules] Streaming discord_utils@1 to /home/oleg/.config/discord/0.0.27/modules/pending/discord_utils-1.zip: 14%
2023-06-08T17:48:28.502Z [Modules] Streaming discord_utils@1 to /home/oleg/.config/discord/0.0.27/modules/pending/discord_utils-1.zip: 16%
2023-06-08T17:48:28.507Z [Modules] Streaming discord_utils@1 to /home/oleg/.config/discord/0.0.27/modules/pending/discord_utils-1.zip: 18%
2023-06-08T17:48:28.514Z [Modules] Streaming discord_utils@1 to /home/oleg/.config/discord/0.0.27/modules/pending/discord_utils-1.zip: 20%
2023-06-08T17:48:28.520Z [Modules] Streaming discord_utils@1 to /home/oleg/.config/discord/0.0.27/modules/pending/discord_utils-1.zip: 21%
2023-06-08T17:48:28.534Z [Modules] Streaming discord_utils@1 to /home/oleg/.config/discord/0.0.27/modules/pending/discord_utils-1.zip: 24%
2023-06-08T17:48:28.542Z [Modules] Streaming discord_utils@1 to /home/oleg/.config/discord/0.0.27/modules/pending/discord_utils-1.zip: 27%
2023-06-08T17:48:28.552Z [Modules] Streaming discord_utils@1 to /home/oleg/.config/discord/0.0.27/modules/pending/discord_utils-1.zip: 32%
2023-06-08T17:48:28.560Z [Modules] Streaming discord_utils@1 to /home/oleg/.config/discord/0.0.27/modules/pending/discord_utils-1.zip: 37%
2023-06-08T17:48:28.565Z [Modules] Streaming discord_utils@1 to /home/oleg/.config/discord/0.0.27/modules/pending/discord_utils-1.zip: 38%
2023-06-08T17:48:28.570Z [Modules] Streaming discord_utils@1 to /home/oleg/.config/discord/0.0.27/modules/pending/discord_utils-1.zip: 39%
2023-06-08T17:48:28.574Z [Modules] Streaming discord_utils@1 to /home/oleg/.config/discord/0.0.27/modules/pending/discord_utils-1.zip: 40%
2023-06-08T17:48:28.583Z [Modules] Streaming discord_utils@1 to /home/oleg/.config/discord/0.0.27/modules/pending/discord_utils-1.zip: 45%
2023-06-08T17:48:28.585Z [Modules] Streaming discord_utils@1 to /home/oleg/.config/discord/0.0.27/modules/pending/discord_utils-1.zip: 47%
2023-06-08T17:48:28.594Z [Modules] Streaming discord_utils@1 to /home/oleg/.config/discord/0.0.27/modules/pending/discord_utils-1.zip: 49%
2023-06-08T17:48:28.598Z [Modules] Streaming discord_utils@1 to /home/oleg/.config/discord/0.0.27/modules/pending/discord_utils-1.zip: 50%
2023-06-08T17:48:28.603Z [Modules] Streaming discord_utils@1 to /home/oleg/.config/discord/0.0.27/modules/pending/discord_utils-1.zip: 52%
2023-06-08T17:48:28.608Z [Modules] Streaming discord_utils@1 to /home/oleg/.config/discord/0.0.27/modules/pending/discord_utils-1.zip: 53%
2023-06-08T17:48:28.635Z [Modules] Streaming discord_utils@1 to /home/oleg/.config/discord/0.0.27/modules/pending/discord_utils-1.zip: 60%
2023-06-08T17:48:28.649Z [Modules] Streaming discord_utils@1 to /home/oleg/.config/discord/0.0.27/modules/pending/discord_utils-1.zip: 65%
2023-06-08T17:48:28.677Z [Modules] Streaming discord_utils@1 to /home/oleg/.config/discord/0.0.27/modules/pending/discord_utils-1.zip: 67%
2023-06-08T17:48:28.712Z [Modules] Streaming discord_utils@1 to /home/oleg/.config/discord/0.0.27/modules/pending/discord_utils-1.zip: 69%
2023-06-08T17:48:28.733Z [Modules] Streaming discord_utils@1 to /home/oleg/.config/discord/0.0.27/modules/pending/discord_utils-1.zip: 71%
2023-06-08T17:48:28.735Z [Modules] Streaming discord_utils@1 to /home/oleg/.config/discord/0.0.27/modules/pending/discord_utils-1.zip: 73%
2023-06-08T17:48:28.739Z [Modules] Streaming discord_utils@1 to /home/oleg/.config/discord/0.0.27/modules/pending/discord_utils-1.zip: 75%
2023-06-08T17:48:28.739Z [Modules] Streaming discord_utils@1 to /home/oleg/.config/discord/0.0.27/modules/pending/discord_utils-1.zip: 77%
2023-06-08T17:48:28.750Z [Modules] Streaming discord_utils@1 to /home/oleg/.config/discord/0.0.27/modules/pending/discord_utils-1.zip: 82%
2023-06-08T17:48:28.768Z [Modules] Streaming discord_utils@1 to /home/oleg/.config/discord/0.0.27/modules/pending/discord_utils-1.zip: 84%
2023-06-08T17:48:28.773Z [Modules] Streaming discord_utils@1 to /home/oleg/.config/discord/0.0.27/modules/pending/discord_utils-1.zip: 86%
2023-06-08T17:48:28.777Z [Modules] Streaming discord_utils@1 to /home/oleg/.config/discord/0.0.27/modules/pending/discord_utils-1.zip: 88%
2023-06-08T17:48:28.798Z [Modules] Streaming discord_utils@1 to /home/oleg/.config/discord/0.0.27/modules/pending/discord_utils-1.zip: 90%
2023-06-08T17:48:28.804Z [Modules] Streaming discord_utils@1 to /home/oleg/.config/discord/0.0.27/modules/pending/discord_utils-1.zip: 92%
2023-06-08T17:48:28.817Z [Modules] Streaming discord_utils@1 to /home/oleg/.config/discord/0.0.27/modules/pending/discord_utils-1.zip: 95%
2023-06-08T17:48:28.825Z [Modules] Streaming discord_utils@1 to /home/oleg/.config/discord/0.0.27/modules/pending/discord_utils-1.zip: 100%
2023-06-08T17:48:28.832Z [Modules] Fetching discord_voice@1 from https://discord.com/api/modules/stable/discord_voice/1
2023-06-08T17:48:28.832Z [Modules] Streaming discord_voice@1 to /home/oleg/.config/discord/0.0.27/modules/pending/discord_voice-1.zip
2023-06-08T17:48:29.143Z [Modules] Streaming discord_voice@1 to /home/oleg/.config/discord/0.0.27/modules/pending/discord_voice-1.zip: 1%
2023-06-08T17:48:29.171Z [Modules] Streaming discord_voice@1 to /home/oleg/.config/discord/0.0.27/modules/pending/discord_voice-1.zip: 2%
2023-06-08T17:48:29.195Z [Modules] Streaming discord_voice@1 to /home/oleg/.config/discord/0.0.27/modules/pending/discord_voice-1.zip: 3%
2023-06-08T17:48:29.218Z [Modules] Streaming discord_voice@1 to /home/oleg/.config/discord/0.0.27/modules/pending/discord_voice-1.zip: 5%
2023-06-08T17:48:29.234Z [Modules] Streaming discord_voice@1 to /home/oleg/.config/discord/0.0.27/modules/pending/discord_voice-1.zip: 6%
2023-06-08T17:48:29.255Z [Modules] Streaming discord_voice@1 to /home/oleg/.config/discord/0.0.27/modules/pending/discord_voice-1.zip: 7%
2023-06-08T17:48:29.273Z [Modules] Streaming discord_voice@1 to /home/oleg/.config/discord/0.0.27/modules/pending/discord_voice-1.zip: 8%
2023-06-08T17:48:29.300Z [Modules] Streaming discord_voice@1 to /home/oleg/.config/discord/0.0.27/modules/pending/discord_voice-1.zip: 9%
2023-06-08T17:48:29.330Z [Modules] Streaming discord_voice@1 to /home/oleg/.config/discord/0.0.27/modules/pending/discord_voice-1.zip: 10%
2023-06-08T17:48:29.353Z [Modules] Streaming discord_voice@1 to /home/oleg/.config/discord/0.0.27/modules/pending/discord_voice-1.zip: 11%
2023-06-08T17:48:29.388Z [Modules] Streaming discord_voice@1 to /home/oleg/.config/discord/0.0.27/modules/pending/discord_voice-1.zip: 12%
2023-06-08T17:48:29.405Z [Modules] Streaming discord_voice@1 to /home/oleg/.config/discord/0.0.27/modules/pending/discord_voice-1.zip: 13%
2023-06-08T17:48:29.419Z [Modules] Streaming discord_voice@1 to /home/oleg/.config/discord/0.0.27/modules/pending/discord_voice-1.zip: 14%
2023-06-08T17:48:29.449Z [Modules] Streaming discord_voice@1 to /home/oleg/.config/discord/0.0.27/modules/pending/discord_voice-1.zip: 15%
2023-06-08T17:48:29.459Z [Modules] Streaming discord_voice@1 to /home/oleg/.config/discord/0.0.27/modules/pending/discord_voice-1.zip: 16%
2023-06-08T17:48:29.493Z [Modules] Streaming discord_voice@1 to /home/oleg/.config/discord/0.0.27/modules/pending/discord_voice-1.zip: 17%
2023-06-08T17:48:29.516Z [Modules] Streaming discord_voice@1 to /home/oleg/.config/discord/0.0.27/modules/pending/discord_voice-1.zip: 18%
2023-06-08T17:48:29.532Z [Modules] Streaming discord_voice@1 to /home/oleg/.config/discord/0.0.27/modules/pending/discord_voice-1.zip: 19%
2023-06-08T17:48:29.542Z [Modules] Streaming discord_voice@1 to /home/oleg/.config/discord/0.0.27/modules/pending/discord_voice-1.zip: 20%
2023-06-08T17:48:29.564Z [Modules] Streaming discord_voice@1 to /home/oleg/.config/discord/0.0.27/modules/pending/discord_voice-1.zip: 21%
2023-06-08T17:48:29.572Z [Modules] Streaming discord_voice@1 to /home/oleg/.config/discord/0.0.27/modules/pending/discord_voice-1.zip: 22%
2023-06-08T17:48:29.610Z [Modules] Streaming discord_voice@1 to /home/oleg/.config/discord/0.0.27/modules/pending/discord_voice-1.zip: 23%
2023-06-08T17:48:29.653Z [Modules] Streaming discord_voice@1 to /home/oleg/.config/discord/0.0.27/modules/pending/discord_voice-1.zip: 24%
2023-06-08T17:48:29.679Z [Modules] Streaming discord_voice@1 to /home/oleg/.config/discord/0.0.27/modules/pending/discord_voice-1.zip: 25%
2023-06-08T17:48:29.687Z [Modules] Streaming discord_voice@1 to /home/oleg/.config/discord/0.0.27/modules/pending/discord_voice-1.zip: 26%
2023-06-08T17:48:29.695Z [Modules] Streaming discord_voice@1 to /home/oleg/.config/discord/0.0.27/modules/pending/discord_voice-1.zip: 27%
2023-06-08T17:48:29.707Z [Modules] Streaming discord_voice@1 to /home/oleg/.config/discord/0.0.27/modules/pending/discord_voice-1.zip: 28%
2023-06-08T17:48:29.729Z [Modules] Streaming discord_voice@1 to /home/oleg/.config/discord/0.0.27/modules/pending/discord_voice-1.zip: 29%
2023-06-08T17:48:29.753Z [Modules] Streaming discord_voice@1 to /home/oleg/.config/discord/0.0.27/modules/pending/discord_voice-1.zip: 30%
2023-06-08T17:48:29.784Z [Modules] Streaming discord_voice@1 to /home/oleg/.config/discord/0.0.27/modules/pending/discord_voice-1.zip: 31%
2023-06-08T17:48:29.796Z [Modules] Streaming discord_voice@1 to /home/oleg/.config/discord/0.0.27/modules/pending/discord_voice-1.zip: 32%
2023-06-08T17:48:29.812Z [Modules] Streaming discord_voice@1 to /home/oleg/.config/discord/0.0.27/modules/pending/discord_voice-1.zip: 33%
2023-06-08T17:48:29.816Z [Modules] Streaming discord_voice@1 to /home/oleg/.config/discord/0.0.27/modules/pending/discord_voice-1.zip: 34%
2023-06-08T17:48:29.822Z [Modules] Streaming discord_voice@1 to /home/oleg/.config/discord/0.0.27/modules/pending/discord_voice-1.zip: 35%
2023-06-08T17:48:29.839Z [Modules] Streaming discord_voice@1 to /home/oleg/.config/discord/0.0.27/modules/pending/discord_voice-1.zip: 36%
2023-06-08T17:48:29.858Z [Modules] Streaming discord_voice@1 to /home/oleg/.config/discord/0.0.27/modules/pending/discord_voice-1.zip: 37%
2023-06-08T17:48:29.884Z [Modules] Streaming discord_voice@1 to /home/oleg/.config/discord/0.0.27/modules/pending/discord_voice-1.zip: 38%
2023-06-08T17:48:29.899Z [Modules] Streaming discord_voice@1 to /home/oleg/.config/discord/0.0.27/modules/pending/discord_voice-1.zip: 39%
2023-06-08T17:48:29.915Z [Modules] Streaming discord_voice@1 to /home/oleg/.config/discord/0.0.27/modules/pending/discord_voice-1.zip: 40%
2023-06-08T17:48:29.951Z [Modules] Streaming discord_voice@1 to /home/oleg/.config/discord/0.0.27/modules/pending/discord_voice-1.zip: 41%
2023-06-08T17:48:29.970Z [Modules] Streaming discord_voice@1 to /home/oleg/.config/discord/0.0.27/modules/pending/discord_voice-1.zip: 42%
2023-06-08T17:48:30.002Z [Modules] Streaming discord_voice@1 to /home/oleg/.config/discord/0.0.27/modules/pending/discord_voice-1.zip: 43%
2023-06-08T17:48:30.015Z [Modules] Streaming discord_voice@1 to /home/oleg/.config/discord/0.0.27/modules/pending/discord_voice-1.zip: 44%
2023-06-08T17:48:30.032Z [Modules] Streaming discord_voice@1 to /home/oleg/.config/discord/0.0.27/modules/pending/discord_voice-1.zip: 45%
2023-06-08T17:48:30.050Z [Modules] Streaming discord_voice@1 to /home/oleg/.config/discord/0.0.27/modules/pending/discord_voice-1.zip: 46%
2023-06-08T17:48:30.062Z [Modules] Streaming discord_voice@1 to /home/oleg/.config/discord/0.0.27/modules/pending/discord_voice-1.zip: 47%
2023-06-08T17:48:30.079Z [Modules] Streaming discord_voice@1 to /home/oleg/.config/discord/0.0.27/modules/pending/discord_voice-1.zip: 48%
2023-06-08T17:48:30.099Z [Modules] Streaming discord_voice@1 to /home/oleg/.config/discord/0.0.27/modules/pending/discord_voice-1.zip: 49%
2023-06-08T17:48:30.122Z [Modules] Streaming discord_voice@1 to /home/oleg/.config/discord/0.0.27/modules/pending/discord_voice-1.zip: 50%
2023-06-08T17:48:30.147Z [Modules] Streaming discord_voice@1 to /home/oleg/.config/discord/0.0.27/modules/pending/discord_voice-1.zip: 51%
2023-06-08T17:48:30.180Z [Modules] Streaming discord_voice@1 to /home/oleg/.config/discord/0.0.27/modules/pending/discord_voice-1.zip: 52%
2023-06-08T17:48:30.198Z [Modules] Streaming discord_voice@1 to /home/oleg/.config/discord/0.0.27/modules/pending/discord_voice-1.zip: 53%
2023-06-08T17:48:30.215Z [Modules] Streaming discord_voice@1 to /home/oleg/.config/discord/0.0.27/modules/pending/discord_voice-1.zip: 54%
2023-06-08T17:48:30.236Z [Modules] Streaming discord_voice@1 to /home/oleg/.config/discord/0.0.27/modules/pending/discord_voice-1.zip: 55%
2023-06-08T17:48:30.247Z [Modules] Streaming discord_voice@1 to /home/oleg/.config/discord/0.0.27/modules/pending/discord_voice-1.zip: 56%
2023-06-08T17:48:30.269Z [Modules] Streaming discord_voice@1 to /home/oleg/.config/discord/0.0.27/modules/pending/discord_voice-1.zip: 57%
2023-06-08T17:48:30.288Z [Modules] Streaming discord_voice@1 to /home/oleg/.config/discord/0.0.27/modules/pending/discord_voice-1.zip: 58%
2023-06-08T17:48:30.301Z [Modules] Streaming discord_voice@1 to /home/oleg/.config/discord/0.0.27/modules/pending/discord_voice-1.zip: 59%
2023-06-08T17:48:30.333Z [Modules] Streaming discord_voice@1 to /home/oleg/.config/discord/0.0.27/modules/pending/discord_voice-1.zip: 60%
2023-06-08T17:48:30.419Z [Modules] Streaming discord_voice@1 to /home/oleg/.config/discord/0.0.27/modules/pending/discord_voice-1.zip: 61%
2023-06-08T17:48:30.445Z [Modules] Streaming discord_voice@1 to /home/oleg/.config/discord/0.0.27/modules/pending/discord_voice-1.zip: 62%
2023-06-08T17:48:30.495Z [Modules] Streaming discord_voice@1 to /home/oleg/.config/discord/0.0.27/modules/pending/discord_voice-1.zip: 63%
2023-06-08T17:48:30.519Z [Modules] Streaming discord_voice@1 to /home/oleg/.config/discord/0.0.27/modules/pending/discord_voice-1.zip: 64%
2023-06-08T17:48:30.537Z [Modules] Streaming discord_voice@1 to /home/oleg/.config/discord/0.0.27/modules/pending/discord_voice-1.zip: 65%
2023-06-08T17:48:30.562Z [Modules] Streaming discord_voice@1 to /home/oleg/.config/discord/0.0.27/modules/pending/discord_voice-1.zip: 66%
2023-06-08T17:48:30.575Z [Modules] Streaming discord_voice@1 to /home/oleg/.config/discord/0.0.27/modules/pending/discord_voice-1.zip: 67%
2023-06-08T17:48:30.592Z [Modules] Streaming discord_voice@1 to /home/oleg/.config/discord/0.0.27/modules/pending/discord_voice-1.zip: 68%
2023-06-08T17:48:30.603Z [Modules] Streaming discord_voice@1 to /home/oleg/.config/discord/0.0.27/modules/pending/discord_voice-1.zip: 69%
2023-06-08T17:48:30.635Z [Modules] Streaming discord_voice@1 to /home/oleg/.config/discord/0.0.27/modules/pending/discord_voice-1.zip: 70%
2023-06-08T17:48:30.646Z [Modules] Streaming discord_voice@1 to /home/oleg/.config/discord/0.0.27/modules/pending/discord_voice-1.zip: 71%
2023-06-08T17:48:30.677Z [Modules] Streaming discord_voice@1 to /home/oleg/.config/discord/0.0.27/modules/pending/discord_voice-1.zip: 72%
2023-06-08T17:48:30.698Z [Modules] Streaming discord_voice@1 to /home/oleg/.config/discord/0.0.27/modules/pending/discord_voice-1.zip: 73%
2023-06-08T17:48:30.708Z [Modules] Streaming discord_voice@1 to /home/oleg/.config/discord/0.0.27/modules/pending/discord_voice-1.zip: 74%
2023-06-08T17:48:30.723Z [Modules] Streaming discord_voice@1 to /home/oleg/.config/discord/0.0.27/modules/pending/discord_voice-1.zip: 75%
2023-06-08T17:48:30.732Z [Modules] Streaming discord_voice@1 to /home/oleg/.config/discord/0.0.27/modules/pending/discord_voice-1.zip: 76%
2023-06-08T17:48:30.750Z [Modules] Streaming discord_voice@1 to /home/oleg/.config/discord/0.0.27/modules/pending/discord_voice-1.zip: 77%
2023-06-08T17:48:30.764Z [Modules] Streaming discord_voice@1 to /home/oleg/.config/discord/0.0.27/modules/pending/discord_voice-1.zip: 78%
2023-06-08T17:48:30.784Z [Modules] Streaming discord_voice@1 to /home/oleg/.config/discord/0.0.27/modules/pending/discord_voice-1.zip: 79%
2023-06-08T17:48:30.793Z [Modules] Streaming discord_voice@1 to /home/oleg/.config/discord/0.0.27/modules/pending/discord_voice-1.zip: 80%
2023-06-08T17:48:30.804Z [Modules] Streaming discord_voice@1 to /home/oleg/.config/discord/0.0.27/modules/pending/discord_voice-1.zip: 81%
2023-06-08T17:48:30.817Z [Modules] Streaming discord_voice@1 to /home/oleg/.config/discord/0.0.27/modules/pending/discord_voice-1.zip: 82%
2023-06-08T17:48:30.831Z [Modules] Streaming discord_voice@1 to /home/oleg/.config/discord/0.0.27/modules/pending/discord_voice-1.zip: 83%
2023-06-08T17:48:30.845Z [Modules] Streaming discord_voice@1 to /home/oleg/.config/discord/0.0.27/modules/pending/discord_voice-1.zip: 84%
2023-06-08T17:48:30.854Z [Modules] Streaming discord_voice@1 to /home/oleg/.config/discord/0.0.27/modules/pending/discord_voice-1.zip: 85%
2023-06-08T17:48:30.878Z [Modules] Streaming discord_voice@1 to /home/oleg/.config/discord/0.0.27/modules/pending/discord_voice-1.zip: 86%
2023-06-08T17:48:30.882Z [Modules] Streaming discord_voice@1 to /home/oleg/.config/discord/0.0.27/modules/pending/discord_voice-1.zip: 87%
2023-06-08T17:48:30.896Z [Modules] Streaming discord_voice@1 to /home/oleg/.config/discord/0.0.27/modules/pending/discord_voice-1.zip: 88%
2023-06-08T17:48:30.911Z [Modules] Streaming discord_voice@1 to /home/oleg/.config/discord/0.0.27/modules/pending/discord_voice-1.zip: 89%
2023-06-08T17:48:30.927Z [Modules] Streaming discord_voice@1 to /home/oleg/.config/discord/0.0.27/modules/pending/discord_voice-1.zip: 90%
2023-06-08T17:48:30.950Z [Modules] Streaming discord_voice@1 to /home/oleg/.config/discord/0.0.27/modules/pending/discord_voice-1.zip: 91%
2023-06-08T17:48:30.984Z [Modules] Streaming discord_voice@1 to /home/oleg/.config/discord/0.0.27/modules/pending/discord_voice-1.zip: 92%
2023-06-08T17:48:31.001Z [Modules] Streaming discord_voice@1 to /home/oleg/.config/discord/0.0.27/modules/pending/discord_voice-1.zip: 93%
2023-06-08T17:48:31.034Z [Modules] Streaming discord_voice@1 to /home/oleg/.config/discord/0.0.27/modules/pending/discord_voice-1.zip: 94%
2023-06-08T17:48:31.063Z [Modules] Streaming discord_voice@1 to /home/oleg/.config/discord/0.0.27/modules/pending/discord_voice-1.zip: 95%
2023-06-08T17:48:31.068Z [Modules] Streaming discord_voice@1 to /home/oleg/.config/discord/0.0.27/modules/pending/discord_voice-1.zip: 96%
2023-06-08T17:48:31.102Z [Modules] Streaming discord_voice@1 to /home/oleg/.config/discord/0.0.27/modules/pending/discord_voice-1.zip: 97%
2023-06-08T17:48:31.112Z [Modules] Streaming discord_voice@1 to /home/oleg/.config/discord/0.0.27/modules/pending/discord_voice-1.zip: 98%
2023-06-08T17:48:31.120Z [Modules] Streaming discord_voice@1 to /home/oleg/.config/discord/0.0.27/modules/pending/discord_voice-1.zip: 99%
2023-06-08T17:48:31.124Z [Modules] Streaming discord_voice@1 to /home/oleg/.config/discord/0.0.27/modules/pending/discord_voice-1.zip: 100%
2023-06-08T17:48:31.132Z [Modules] Finished module downloads. [success: 5] [failure: 0]
2023-06-08T17:48:31.133Z [Modules] Installing updates...
2023-06-08T17:48:31.133Z [Modules] Installing discord_desktop_core@1 from /home/oleg/.config/discord/0.0.27/modules/pending/discord_desktop_core-1.zip
2023-06-08T17:48:31.564Z [Modules] Installing discord_erlpack@1 from /home/oleg/.config/discord/0.0.27/modules/pending/discord_erlpack-1.zip
2023-06-08T17:48:32.034Z [Modules] Installing discord_spellcheck@1 from /home/oleg/.config/discord/0.0.27/modules/pending/discord_spellcheck-1.zip
2023-06-08T17:48:38.081Z [Modules] Installing discord_utils@1 from /home/oleg/.config/discord/0.0.27/modules/pending/discord_utils-1.zip
2023-06-08T17:48:40.680Z [Modules] Installing discord_voice@1 from /home/oleg/.config/discord/0.0.27/modules/pending/discord_voice-1.zip
2023-06-08T17:48:44.668Z [Modules] Finished module installations. [success: 5] [failure: 0]
2023-06-08T17:48:44.669Z [Modules] Checking for host updates.
2023-06-08T17:48:44.852Z [Modules] Host is up to date.
2023-06-08T17:48:44.852Z [Modules] Checking for module updates at https://discord.com/api/modules/stable/versions.json
2023-06-08T17:48:44.861Z [Modules] No module updates available.
2023-06-08T17:48:50.966Z [Modules] Starting to install discord_krisp...
2023-06-08T17:48:50.967Z [Modules] Fetching discord_krisp@1 from https://discord.com/api/modules/stable/discord_krisp/1
2023-06-08T17:48:50.967Z [Modules] Streaming discord_krisp@1 to /home/oleg/.config/discord/0.0.27/modules/pending/discord_krisp-1.zip
2023-06-08T17:48:51.063Z [Modules] Starting to install discord_game_utils...
2023-06-08T17:48:51.301Z [Modules] Streaming discord_krisp@1 to /home/oleg/.config/discord/0.0.27/modules/pending/discord_krisp-1.zip: 1%
2023-06-08T17:48:51.322Z [Modules] Streaming discord_krisp@1 to /home/oleg/.config/discord/0.0.27/modules/pending/discord_krisp-1.zip: 2%
2023-06-08T17:48:51.346Z [Modules] Streaming discord_krisp@1 to /home/oleg/.config/discord/0.0.27/modules/pending/discord_krisp-1.zip: 3%
2023-06-08T17:48:51.363Z [Modules] Streaming discord_krisp@1 to /home/oleg/.config/discord/0.0.27/modules/pending/discord_krisp-1.zip: 4%
2023-06-08T17:48:51.396Z [Modules] Streaming discord_krisp@1 to /home/oleg/.config/discord/0.0.27/modules/pending/discord_krisp-1.zip: 5%
2023-06-08T17:48:51.409Z [Modules] Streaming discord_krisp@1 to /home/oleg/.config/discord/0.0.27/modules/pending/discord_krisp-1.zip: 6%
2023-06-08T17:48:51.433Z [Modules] Streaming discord_krisp@1 to /home/oleg/.config/discord/0.0.27/modules/pending/discord_krisp-1.zip: 7%
2023-06-08T17:48:51.454Z [Modules] Streaming discord_krisp@1 to /home/oleg/.config/discord/0.0.27/modules/pending/discord_krisp-1.zip: 8%
2023-06-08T17:48:51.472Z [Modules] Streaming discord_krisp@1 to /home/oleg/.config/discord/0.0.27/modules/pending/discord_krisp-1.zip: 9%
2023-06-08T17:48:51.498Z [Modules] Streaming discord_krisp@1 to /home/oleg/.config/discord/0.0.27/modules/pending/discord_krisp-1.zip: 10%
2023-06-08T17:48:51.516Z [Modules] Streaming discord_krisp@1 to /home/oleg/.config/discord/0.0.27/modules/pending/discord_krisp-1.zip: 11%
2023-06-08T17:48:51.532Z [Modules] Streaming discord_krisp@1 to /home/oleg/.config/discord/0.0.27/modules/pending/discord_krisp-1.zip: 12%
2023-06-08T17:48:51.557Z [Modules] Streaming discord_krisp@1 to /home/oleg/.config/discord/0.0.27/modules/pending/discord_krisp-1.zip: 13%
2023-06-08T17:48:51.571Z [Modules] Streaming discord_krisp@1 to /home/oleg/.config/discord/0.0.27/modules/pending/discord_krisp-1.zip: 14%
2023-06-08T17:48:51.600Z [Modules] Streaming discord_krisp@1 to /home/oleg/.config/discord/0.0.27/modules/pending/discord_krisp-1.zip: 15%
2023-06-08T17:48:51.616Z [Modules] Streaming discord_krisp@1 to /home/oleg/.config/discord/0.0.27/modules/pending/discord_krisp-1.zip: 16%
2023-06-08T17:48:51.652Z [Modules] Streaming discord_krisp@1 to /home/oleg/.config/discord/0.0.27/modules/pending/discord_krisp-1.zip: 17%
2023-06-08T17:48:51.665Z [Modules] Streaming discord_krisp@1 to /home/oleg/.config/discord/0.0.27/modules/pending/discord_krisp-1.zip: 18%
2023-06-08T17:48:51.682Z [Modules] Streaming discord_krisp@1 to /home/oleg/.config/discord/0.0.27/modules/pending/discord_krisp-1.zip: 19%
2023-06-08T17:48:51.703Z [Modules] Streaming discord_krisp@1 to /home/oleg/.config/discord/0.0.27/modules/pending/discord_krisp-1.zip: 20%
2023-06-08T17:48:51.719Z [Modules] Streaming discord_krisp@1 to /home/oleg/.config/discord/0.0.27/modules/pending/discord_krisp-1.zip: 21%
2023-06-08T17:48:51.738Z [Modules] Streaming discord_krisp@1 to /home/oleg/.config/discord/0.0.27/modules/pending/discord_krisp-1.zip: 22%
2023-06-08T17:48:51.768Z [Modules] Streaming discord_krisp@1 to /home/oleg/.config/discord/0.0.27/modules/pending/discord_krisp-1.zip: 23%
2023-06-08T17:48:51.785Z [Modules] Streaming discord_krisp@1 to /home/oleg/.config/discord/0.0.27/modules/pending/discord_krisp-1.zip: 24%
2023-06-08T17:48:51.812Z [Modules] Streaming discord_krisp@1 to /home/oleg/.config/discord/0.0.27/modules/pending/discord_krisp-1.zip: 25%
2023-06-08T17:48:51.831Z [Modules] Streaming discord_krisp@1 to /home/oleg/.config/discord/0.0.27/modules/pending/discord_krisp-1.zip: 26%
2023-06-08T17:48:51.840Z [Modules] Streaming discord_krisp@1 to /home/oleg/.config/discord/0.0.27/modules/pending/discord_krisp-1.zip: 27%
2023-06-08T17:48:51.866Z [Modules] Streaming discord_krisp@1 to /home/oleg/.config/discord/0.0.27/modules/pending/discord_krisp-1.zip: 28%
2023-06-08T17:48:51.886Z [Modules] Streaming discord_krisp@1 to /home/oleg/.config/discord/0.0.27/modules/pending/discord_krisp-1.zip: 29%
2023-06-08T17:48:51.911Z [Modules] Streaming discord_krisp@1 to /home/oleg/.config/discord/0.0.27/modules/pending/discord_krisp-1.zip: 30%
2023-06-08T17:48:51.928Z [Modules] Streaming discord_krisp@1 to /home/oleg/.config/discord/0.0.27/modules/pending/discord_krisp-1.zip: 31%
2023-06-08T17:48:51.940Z [Modules] Streaming discord_krisp@1 to /home/oleg/.config/discord/0.0.27/modules/pending/discord_krisp-1.zip: 32%
2023-06-08T17:48:51.964Z [Modules] Streaming discord_krisp@1 to /home/oleg/.config/discord/0.0.27/modules/pending/discord_krisp-1.zip: 33%
2023-06-08T17:48:51.979Z [Modules] Streaming discord_krisp@1 to /home/oleg/.config/discord/0.0.27/modules/pending/discord_krisp-1.zip: 34%
2023-06-08T17:48:52.004Z [Modules] Streaming discord_krisp@1 to /home/oleg/.config/discord/0.0.27/modules/pending/discord_krisp-1.zip: 35%
2023-06-08T17:48:52.028Z [Modules] Streaming discord_krisp@1 to /home/oleg/.config/discord/0.0.27/modules/pending/discord_krisp-1.zip: 36%
2023-06-08T17:48:52.054Z [Modules] Streaming discord_krisp@1 to /home/oleg/.config/discord/0.0.27/modules/pending/discord_krisp-1.zip: 37%
2023-06-08T17:48:52.085Z [Modules] Streaming discord_krisp@1 to /home/oleg/.config/discord/0.0.27/modules/pending/discord_krisp-1.zip: 39%
2023-06-08T17:48:52.101Z [Modules] Streaming discord_krisp@1 to /home/oleg/.config/discord/0.0.27/modules/pending/discord_krisp-1.zip: 40%
2023-06-08T17:48:52.121Z [Modules] Streaming discord_krisp@1 to /home/oleg/.config/discord/0.0.27/modules/pending/discord_krisp-1.zip: 41%
2023-06-08T17:48:52.155Z [Modules] Streaming discord_krisp@1 to /home/oleg/.config/discord/0.0.27/modules/pending/discord_krisp-1.zip: 42%
2023-06-08T17:48:52.164Z [Modules] Streaming discord_krisp@1 to /home/oleg/.config/discord/0.0.27/modules/pending/discord_krisp-1.zip: 43%
2023-06-08T17:48:52.184Z [Modules] Streaming discord_krisp@1 to /home/oleg/.config/discord/0.0.27/modules/pending/discord_krisp-1.zip: 44%
2023-06-08T17:48:52.201Z [Modules] Streaming discord_krisp@1 to /home/oleg/.config/discord/0.0.27/modules/pending/discord_krisp-1.zip: 45%
2023-06-08T17:48:52.242Z [Modules] Streaming discord_krisp@1 to /home/oleg/.config/discord/0.0.27/modules/pending/discord_krisp-1.zip: 46%
2023-06-08T17:48:52.262Z [Modules] Streaming discord_krisp@1 to /home/oleg/.config/discord/0.0.27/modules/pending/discord_krisp-1.zip: 47%
2023-06-08T17:48:52.269Z [Modules] Streaming discord_krisp@1 to /home/oleg/.config/discord/0.0.27/modules/pending/discord_krisp-1.zip: 48%
2023-06-08T17:48:52.287Z [Modules] Streaming discord_krisp@1 to /home/oleg/.config/discord/0.0.27/modules/pending/discord_krisp-1.zip: 49%
2023-06-08T17:48:52.312Z [Modules] Streaming discord_krisp@1 to /home/oleg/.config/discord/0.0.27/modules/pending/discord_krisp-1.zip: 50%
2023-06-08T17:48:52.329Z [Modules] Streaming discord_krisp@1 to /home/oleg/.config/discord/0.0.27/modules/pending/discord_krisp-1.zip: 51%
2023-06-08T17:48:52.352Z [Modules] Streaming discord_krisp@1 to /home/oleg/.config/discord/0.0.27/modules/pending/discord_krisp-1.zip: 52%
2023-06-08T17:48:52.380Z [Modules] Streaming discord_krisp@1 to /home/oleg/.config/discord/0.0.27/modules/pending/discord_krisp-1.zip: 53%
2023-06-08T17:48:52.406Z [Modules] Streaming discord_krisp@1 to /home/oleg/.config/discord/0.0.27/modules/pending/discord_krisp-1.zip: 54%
2023-06-08T17:48:52.417Z [Modules] Streaming discord_krisp@1 to /home/oleg/.config/discord/0.0.27/modules/pending/discord_krisp-1.zip: 55%
2023-06-08T17:48:52.442Z [Modules] Streaming discord_krisp@1 to /home/oleg/.config/discord/0.0.27/modules/pending/discord_krisp-1.zip: 56%
2023-06-08T17:48:52.466Z [Modules] Streaming discord_krisp@1 to /home/oleg/.config/discord/0.0.27/modules/pending/discord_krisp-1.zip: 57%
2023-06-08T17:48:52.483Z [Modules] Streaming discord_krisp@1 to /home/oleg/.config/discord/0.0.27/modules/pending/discord_krisp-1.zip: 58%
2023-06-08T17:48:52.515Z [Modules] Streaming discord_krisp@1 to /home/oleg/.config/discord/0.0.27/modules/pending/discord_krisp-1.zip: 59%
2023-06-08T17:48:52.536Z [Modules] Streaming discord_krisp@1 to /home/oleg/.config/discord/0.0.27/modules/pending/discord_krisp-1.zip: 60%
2023-06-08T17:48:52.565Z [Modules] Streaming discord_krisp@1 to /home/oleg/.config/discord/0.0.27/modules/pending/discord_krisp-1.zip: 61%
2023-06-08T17:48:52.582Z [Modules] Streaming discord_krisp@1 to /home/oleg/.config/discord/0.0.27/modules/pending/discord_krisp-1.zip: 62%
2023-06-08T17:48:52.630Z [Modules] Streaming discord_krisp@1 to /home/oleg/.config/discord/0.0.27/modules/pending/discord_krisp-1.zip: 63%
2023-06-08T17:48:52.662Z [Modules] Streaming discord_krisp@1 to /home/oleg/.config/discord/0.0.27/modules/pending/discord_krisp-1.zip: 64%
2023-06-08T17:48:52.674Z [Modules] Streaming discord_krisp@1 to /home/oleg/.config/discord/0.0.27/modules/pending/discord_krisp-1.zip: 65%
2023-06-08T17:48:52.729Z [Modules] Streaming discord_krisp@1 to /home/oleg/.config/discord/0.0.27/modules/pending/discord_krisp-1.zip: 66%
2023-06-08T17:48:52.762Z [Modules] Streaming discord_krisp@1 to /home/oleg/.config/discord/0.0.27/modules/pending/discord_krisp-1.zip: 67%
2023-06-08T17:48:52.771Z [Modules] Streaming discord_krisp@1 to /home/oleg/.config/discord/0.0.27/modules/pending/discord_krisp-1.zip: 68%
2023-06-08T17:48:52.790Z [Modules] Streaming discord_krisp@1 to /home/oleg/.config/discord/0.0.27/modules/pending/discord_krisp-1.zip: 69%
2023-06-08T17:48:52.809Z [Modules] Streaming discord_krisp@1 to /home/oleg/.config/discord/0.0.27/modules/pending/discord_krisp-1.zip: 70%
2023-06-08T17:48:52.836Z [Modules] Streaming discord_krisp@1 to /home/oleg/.config/discord/0.0.27/modules/pending/discord_krisp-1.zip: 71%
2023-06-08T17:48:52.875Z [Modules] Streaming discord_krisp@1 to /home/oleg/.config/discord/0.0.27/modules/pending/discord_krisp-1.zip: 72%
2023-06-08T17:48:52.951Z [Modules] Streaming discord_krisp@1 to /home/oleg/.config/discord/0.0.27/modules/pending/discord_krisp-1.zip: 73%
2023-06-08T17:48:53.000Z [Modules] Streaming discord_krisp@1 to /home/oleg/.config/discord/0.0.27/modules/pending/discord_krisp-1.zip: 74%
2023-06-08T17:48:53.019Z [Modules] Streaming discord_krisp@1 to /home/oleg/.config/discord/0.0.27/modules/pending/discord_krisp-1.zip: 77%
2023-06-08T17:48:53.046Z [Modules] Streaming discord_krisp@1 to /home/oleg/.config/discord/0.0.27/modules/pending/discord_krisp-1.zip: 79%
2023-06-08T17:48:53.116Z [Modules] Streaming discord_krisp@1 to /home/oleg/.config/discord/0.0.27/modules/pending/discord_krisp-1.zip: 81%
2023-06-08T17:48:53.132Z [Modules] Streaming discord_krisp@1 to /home/oleg/.config/discord/0.0.27/modules/pending/discord_krisp-1.zip: 82%
2023-06-08T17:48:53.170Z [Modules] Streaming discord_krisp@1 to /home/oleg/.config/discord/0.0.27/modules/pending/discord_krisp-1.zip: 83%
2023-06-08T17:48:53.184Z [Modules] Streaming discord_krisp@1 to /home/oleg/.config/discord/0.0.27/modules/pending/discord_krisp-1.zip: 84%
2023-06-08T17:48:53.192Z [Modules] Streaming discord_krisp@1 to /home/oleg/.config/discord/0.0.27/modules/pending/discord_krisp-1.zip: 85%
2023-06-08T17:48:53.202Z [Modules] Streaming discord_krisp@1 to /home/oleg/.config/discord/0.0.27/modules/pending/discord_krisp-1.zip: 86%
2023-06-08T17:48:53.222Z [Modules] Streaming discord_krisp@1 to /home/oleg/.config/discord/0.0.27/modules/pending/discord_krisp-1.zip: 87%
2023-06-08T17:48:53.230Z [Modules] Streaming discord_krisp@1 to /home/oleg/.config/discord/0.0.27/modules/pending/discord_krisp-1.zip: 88%
2023-06-08T17:48:53.251Z [Modules] Streaming discord_krisp@1 to /home/oleg/.config/discord/0.0.27/modules/pending/discord_krisp-1.zip: 89%
2023-06-08T17:48:53.265Z [Modules] Streaming discord_krisp@1 to /home/oleg/.config/discord/0.0.27/modules/pending/discord_krisp-1.zip: 90%
2023-06-08T17:48:53.281Z [Modules] Streaming discord_krisp@1 to /home/oleg/.config/discord/0.0.27/modules/pending/discord_krisp-1.zip: 91%
2023-06-08T17:48:53.297Z [Modules] Streaming discord_krisp@1 to /home/oleg/.config/discord/0.0.27/modules/pending/discord_krisp-1.zip: 92%
2023-06-08T17:48:53.318Z [Modules] Streaming discord_krisp@1 to /home/oleg/.config/discord/0.0.27/modules/pending/discord_krisp-1.zip: 93%
2023-06-08T17:48:53.340Z [Modules] Streaming discord_krisp@1 to /home/oleg/.config/discord/0.0.27/modules/pending/discord_krisp-1.zip: 94%
2023-06-08T17:48:53.366Z [Modules] Streaming discord_krisp@1 to /home/oleg/.config/discord/0.0.27/modules/pending/discord_krisp-1.zip: 95%
2023-06-08T17:48:53.385Z [Modules] Streaming discord_krisp@1 to /home/oleg/.config/discord/0.0.27/modules/pending/discord_krisp-1.zip: 96%
2023-06-08T17:48:53.414Z [Modules] Streaming discord_krisp@1 to /home/oleg/.config/discord/0.0.27/modules/pending/discord_krisp-1.zip: 97%
2023-06-08T17:48:53.436Z [Modules] Streaming discord_krisp@1 to /home/oleg/.config/discord/0.0.27/modules/pending/discord_krisp-1.zip: 98%
2023-06-08T17:48:53.453Z [Modules] Streaming discord_krisp@1 to /home/oleg/.config/discord/0.0.27/modules/pending/discord_krisp-1.zip: 99%
2023-06-08T17:48:53.471Z [Modules] Streaming discord_krisp@1 to /home/oleg/.config/discord/0.0.27/modules/pending/discord_krisp-1.zip: 100%
2023-06-08T17:48:53.474Z [Modules] Fetching discord_game_utils@1 from https://discord.com/api/modules/stable/discord_game_utils/1
2023-06-08T17:48:53.475Z [Modules] Streaming discord_game_utils@1 to /home/oleg/.config/discord/0.0.27/modules/pending/discord_game_utils-1.zip
2023-06-08T17:48:53.475Z [Modules] Installing discord_krisp@1 from /home/oleg/.config/discord/0.0.27/modules/pending/discord_krisp-1.zip
2023-06-08T17:48:54.386Z [Modules] Streaming discord_game_utils@1 to /home/oleg/.config/discord/0.0.27/modules/pending/discord_game_utils-1.zip: 2%
2023-06-08T17:48:54.645Z [Modules] Streaming discord_game_utils@1 to /home/oleg/.config/discord/0.0.27/modules/pending/discord_game_utils-1.zip: 4%
2023-06-08T17:48:54.666Z [Modules] Streaming discord_game_utils@1 to /home/oleg/.config/discord/0.0.27/modules/pending/discord_game_utils-1.zip: 7%
2023-06-08T17:48:54.754Z [Modules] Streaming discord_game_utils@1 to /home/oleg/.config/discord/0.0.27/modules/pending/discord_game_utils-1.zip: 15%
2023-06-08T17:48:54.767Z [Modules] Streaming discord_game_utils@1 to /home/oleg/.config/discord/0.0.27/modules/pending/discord_game_utils-1.zip: 17%
2023-06-08T17:48:54.779Z [Modules] Streaming discord_game_utils@1 to /home/oleg/.config/discord/0.0.27/modules/pending/discord_game_utils-1.zip: 20%
2023-06-08T17:48:54.803Z [Modules] Streaming discord_game_utils@1 to /home/oleg/.config/discord/0.0.27/modules/pending/discord_game_utils-1.zip: 23%
2023-06-08T17:48:54.813Z [Modules] Streaming discord_game_utils@1 to /home/oleg/.config/discord/0.0.27/modules/pending/discord_game_utils-1.zip: 25%
2023-06-08T17:48:54.829Z [Modules] Streaming discord_game_utils@1 to /home/oleg/.config/discord/0.0.27/modules/pending/discord_game_utils-1.zip: 28%
2023-06-08T17:48:54.835Z [Modules] Streaming discord_game_utils@1 to /home/oleg/.config/discord/0.0.27/modules/pending/discord_game_utils-1.zip: 33%
2023-06-08T17:48:54.847Z [Modules] Streaming discord_game_utils@1 to /home/oleg/.config/discord/0.0.27/modules/pending/discord_game_utils-1.zip: 36%
2023-06-08T17:48:55.388Z [Modules] Streaming discord_game_utils@1 to /home/oleg/.config/discord/0.0.27/modules/pending/discord_game_utils-1.zip: 39%
2023-06-08T17:48:55.391Z [Modules] Streaming discord_game_utils@1 to /home/oleg/.config/discord/0.0.27/modules/pending/discord_game_utils-1.zip: 41%
2023-06-08T17:48:55.743Z [Modules] Streaming discord_game_utils@1 to /home/oleg/.config/discord/0.0.27/modules/pending/discord_game_utils-1.zip: 46%
2023-06-08T17:48:55.834Z [Modules] Streaming discord_game_utils@1 to /home/oleg/.config/discord/0.0.27/modules/pending/discord_game_utils-1.zip: 52%
2023-06-08T17:48:55.902Z [Modules] Streaming discord_game_utils@1 to /home/oleg/.config/discord/0.0.27/modules/pending/discord_game_utils-1.zip: 57%
2023-06-08T17:48:55.913Z [Modules] Streaming discord_game_utils@1 to /home/oleg/.config/discord/0.0.27/modules/pending/discord_game_utils-1.zip: 60%
2023-06-08T17:48:55.934Z [Modules] Streaming discord_game_utils@1 to /home/oleg/.config/discord/0.0.27/modules/pending/discord_game_utils-1.zip: 62%
2023-06-08T17:48:55.938Z [Modules] Streaming discord_game_utils@1 to /home/oleg/.config/discord/0.0.27/modules/pending/discord_game_utils-1.zip: 65%
2023-06-08T17:48:55.958Z [Modules] Streaming discord_game_utils@1 to /home/oleg/.config/discord/0.0.27/modules/pending/discord_game_utils-1.zip: 68%
2023-06-08T17:48:55.965Z [Modules] Streaming discord_game_utils@1 to /home/oleg/.config/discord/0.0.27/modules/pending/discord_game_utils-1.zip: 70%
2023-06-08T17:48:55.982Z [Modules] Streaming discord_game_utils@1 to /home/oleg/.config/discord/0.0.27/modules/pending/discord_game_utils-1.zip: 73%
2023-06-08T17:48:55.986Z [Modules] Streaming discord_game_utils@1 to /home/oleg/.config/discord/0.0.27/modules/pending/discord_game_utils-1.zip: 76%
2023-06-08T17:48:55.997Z [Modules] Streaming discord_game_utils@1 to /home/oleg/.config/discord/0.0.27/modules/pending/discord_game_utils-1.zip: 78%
2023-06-08T17:48:56.013Z [Modules] Streaming discord_game_utils@1 to /home/oleg/.config/discord/0.0.27/modules/pending/discord_game_utils-1.zip: 81%
2023-06-08T17:48:56.017Z [Modules] Streaming discord_game_utils@1 to /home/oleg/.config/discord/0.0.27/modules/pending/discord_game_utils-1.zip: 84%
2023-06-08T17:48:56.029Z [Modules] Streaming discord_game_utils@1 to /home/oleg/.config/discord/0.0.27/modules/pending/discord_game_utils-1.zip: 90%
2023-06-08T17:48:56.034Z [Modules] Streaming discord_game_utils@1 to /home/oleg/.config/discord/0.0.27/modules/pending/discord_game_utils-1.zip: 92%
2023-06-08T17:48:56.037Z [Modules] Streaming discord_game_utils@1 to /home/oleg/.config/discord/0.0.27/modules/pending/discord_game_utils-1.zip: 98%
2023-06-08T17:48:56.042Z [Modules] Streaming discord_game_utils@1 to /home/oleg/.config/discord/0.0.27/modules/pending/discord_game_utils-1.zip: 100%
2023-06-08T17:48:56.050Z [Modules] Finished module downloads. [success: 2] [failure: 0]
2023-06-08T17:48:59.562Z [Modules] Installing discord_game_utils@1 from /home/oleg/.config/discord/0.0.27/modules/pending/discord_game_utils-1.zip
2023-06-08T17:49:00.211Z [Modules] Finished module installations. [success: 2] [failure: 0]
2023-06-08T17:49:00.448Z [Modules] Checking for host updates.
2023-06-08T17:49:00.629Z [Modules] Host is up to date.
2023-06-08T17:49:00.629Z [Modules] Checking for module updates at https://discord.com/api/modules/stable/versions.json
2023-06-08T17:49:00.635Z [Modules] No module updates available.
2023-06-08T17:49:01.776Z [Modules] Starting to install discord_rpc...
2023-06-08T17:49:01.777Z [Modules] Fetching discord_rpc@1 from https://discord.com/api/modules/stable/discord_rpc/1
2023-06-08T17:49:01.777Z [Modules] Streaming discord_rpc@1 to /home/oleg/.config/discord/0.0.27/modules/pending/discord_rpc-1.zip
2023-06-08T17:49:02.008Z [Modules] Streaming discord_rpc@1 to /home/oleg/.config/discord/0.0.27/modules/pending/discord_rpc-1.zip: 100%
2023-06-08T17:49:02.012Z [Modules] Finished module downloads. [success: 1] [failure: 0]
2023-06-08T17:49:02.012Z [Modules] Installing discord_rpc@1 from /home/oleg/.config/discord/0.0.27/modules/pending/discord_rpc-1.zip
2023-06-08T17:49:02.170Z [Modules] Finished module installations. [success: 1] [failure: 0]
2023-06-09T19:31:28.861Z [Modules] Modules initializing
2023-06-09T19:31:28.864Z [Modules] Distribution: remote
2023-06-09T19:31:28.865Z [Modules] Host updates: enabled
2023-06-09T19:31:28.865Z [Modules] Module updates: enabled
2023-06-09T19:31:28.866Z [Modules] Module install path: /home/oleg/.config/discord/0.0.27/modules
2023-06-09T19:31:28.867Z [Modules] Module installed file path: /home/oleg/.config/discord/0.0.27/modules/installed.json
2023-06-09T19:31:28.867Z [Modules] Module download path: /home/oleg/.config/discord/0.0.27/modules/pending
2023-06-09T19:31:29.667Z [Modules] No updates to install
2023-06-09T19:31:29.668Z [Modules] Checking for host updates.
2023-06-09T19:31:30.071Z [Modules] Host is up to date.
2023-06-09T19:31:30.072Z [Modules] Checking for module updates at https://discord.com/api/modules/stable/versions.json
2023-06-09T19:31:30.138Z [Modules] No module updates available.
2023-06-09T19:31:39.658Z [Modules] Checking for host updates.
2023-06-09T19:31:39.857Z [Modules] Host is up to date.
2023-06-09T19:31:39.857Z [Modules] Checking for module updates at https://discord.com/api/modules/stable/versions.json
2023-06-09T19:31:39.864Z [Modules] No module updates available.
2023-06-09T19:43:31.486Z [Modules] Modules initializing
2023-06-09T19:43:31.486Z [Modules] Distribution: remote
2023-06-09T19:43:31.486Z [Modules] Host updates: enabled
2023-06-09T19:43:31.487Z [Modules] Module updates: enabled
2023-06-09T19:43:31.487Z [Modules] Module install path: /home/oleg/.config/discord/0.0.27/modules
2023-06-09T19:43:31.487Z [Modules] Module installed file path: /home/oleg/.config/discord/0.0.27/modules/installed.json
2023-06-09T19:43:31.488Z [Modules] Module download path: /home/oleg/.config/discord/0.0.27/modules/pending
2023-06-09T19:43:31.953Z [Modules] No updates to install
2023-06-09T19:43:31.954Z [Modules] Checking for host updates.
2023-06-09T19:43:32.255Z [Modules] Host is up to date.
2023-06-09T19:43:32.255Z [Modules] Checking for module updates at https://discord.com/api/modules/stable/versions.json
2023-06-09T19:43:32.302Z [Modules] No module updates available.
2023-06-09T19:43:44.921Z [Modules] Checking for host updates.
2023-06-09T19:43:45.099Z [Modules] Host is up to date.
2023-06-09T19:43:45.100Z [Modules] Checking for module updates at https://discord.com/api/modules/stable/versions.json
2023-06-09T19:43:45.132Z [Modules] No module updates available.
2023-06-09T19:45:05.835Z [Modules] Modules initializing
2023-06-09T19:45:05.836Z [Modules] Distribution: remote
2023-06-09T19:45:05.836Z [Modules] Host updates: enabled
2023-06-09T19:45:05.836Z [Modules] Module updates: enabled
2023-06-09T19:45:05.837Z [Modules] Module install path: /home/oleg/.config/discord/0.0.27/modules
2023-06-09T19:45:05.837Z [Modules] Module installed file path: /home/oleg/.config/discord/0.0.27/modules/installed.json
2023-06-09T19:45:05.837Z [Modules] Module download path: /home/oleg/.config/discord/0.0.27/modules/pending
2023-06-09T19:45:06.321Z [Modules] No updates to install
2023-06-09T19:45:06.331Z [Modules] Checking for host updates.
2023-06-09T19:45:06.674Z [Modules] Host is up to date.
2023-06-09T19:45:06.675Z [Modules] Checking for module updates at https://discord.com/api/modules/stable/versions.json
2023-06-09T19:45:06.708Z [Modules] No module updates available.
2023-06-09T19:45:14.591Z [Modules] Checking for host updates.
2023-06-09T19:45:14.765Z [Modules] Host is up to date.
2023-06-09T19:45:14.765Z [Modules] Checking for module updates at https://discord.com/api/modules/stable/versions.json
2023-06-09T19:45:14.781Z [Modules] No module updates available.
2023-06-16T10:17:17.595Z [Modules] Modules initializing
2023-06-16T10:17:17.619Z [Modules] Distribution: remote
2023-06-16T10:17:17.619Z [Modules] Host updates: disabled
2023-06-16T10:17:17.619Z [Modules] Module updates: enabled
2023-06-16T10:17:17.623Z [Modules] Module install path: /home/oleg/.config/discord/0.0.27/modules
2023-06-16T10:17:17.623Z [Modules] Module installed file path: /home/oleg/.config/discord/0.0.27/modules/installed.json
2023-06-16T10:17:17.623Z [Modules] Module download path: /home/oleg/.config/discord/0.0.27/modules/pending
2023-06-16T10:17:18.620Z [Modules] No updates to install
2023-06-16T10:17:18.622Z [Modules] Host is up to date.
2023-06-16T10:17:18.622Z [Modules] Checking for module updates at https://discord.com/api/modules/stable/versions.json
2023-06-16T10:17:19.015Z [Modules] No module updates available.
2023-06-16T10:17:31.270Z [Modules] Host is up to date.
2023-06-16T10:17:31.271Z [Modules] Checking for module updates at https://discord.com/api/modules/stable/versions.json
2023-06-16T10:17:31.293Z [Modules] No module updates available.
2023-06-18T10:40:07.738Z [Modules] Modules initializing
2023-06-18T10:40:07.747Z [Modules] Distribution: remote
2023-06-18T10:40:07.748Z [Modules] Host updates: disabled
2023-06-18T10:40:07.748Z [Modules] Module updates: enabled
2023-06-18T10:40:07.749Z [Modules] Module install path: /home/oleg/.config/discord/0.0.27/modules
2023-06-18T10:40:07.749Z [Modules] Module installed file path: /home/oleg/.config/discord/0.0.27/modules/installed.json
2023-06-18T10:40:07.749Z [Modules] Module download path: /home/oleg/.config/discord/0.0.27/modules/pending
2023-06-18T10:40:08.826Z [Modules] No updates to install
2023-06-18T10:40:08.836Z [Modules] Host is up to date.
2023-06-18T10:40:08.837Z [Modules] Checking for module updates at https://discord.com/api/modules/stable/versions.json
2023-06-18T10:40:09.483Z [Modules] No module updates available.
2023-06-18T10:40:33.905Z [Modules] Host is up to date.
2023-06-18T10:40:33.906Z [Modules] Checking for module updates at https://discord.com/api/modules/stable/versions.json
2023-06-18T10:40:33.913Z [Modules] No module updates available.
2023-06-24T19:31:51.110Z [Modules] Modules initializing
2023-06-24T19:31:51.115Z [Modules] Distribution: remote
2023-06-24T19:31:51.115Z [Modules] Host updates: disabled
2023-06-24T19:31:51.115Z [Modules] Module updates: enabled
2023-06-24T19:31:51.116Z [Modules] Module install path: /home/oleg/.config/discord/0.0.27/modules
2023-06-24T19:31:51.116Z [Modules] Module installed file path: /home/oleg/.config/discord/0.0.27/modules/installed.json
2023-06-24T19:31:51.116Z [Modules] Module download path: /home/oleg/.config/discord/0.0.27/modules/pending
2023-06-24T19:31:51.751Z [Modules] No updates to install
2023-06-24T19:31:51.753Z [Modules] Host is up to date.
2023-06-24T19:31:51.753Z [Modules] Checking for module updates at https://discord.com/api/modules/stable/versions.json
2023-06-24T19:31:52.025Z [Modules] No module updates available.
2023-06-24T19:32:00.923Z [Modules] Host is up to date.
2023-06-24T19:32:00.924Z [Modules] Checking for module updates at https://discord.com/api/modules/stable/versions.json
2023-06-24T19:32:00.933Z [Modules] No module updates available.
2023-06-24T19:46:06.317Z [Modules] Modules initializing
2023-06-24T19:46:06.318Z [Modules] Distribution: remote
2023-06-24T19:46:06.318Z [Modules] Host updates: disabled
2023-06-24T19:46:06.318Z [Modules] Module updates: enabled
2023-06-24T19:46:06.319Z [Modules] Module install path: /home/oleg/.config/discord/0.0.27/modules
2023-06-24T19:46:06.319Z [Modules] Module installed file path: /home/oleg/.config/discord/0.0.27/modules/installed.json
2023-06-24T19:46:06.319Z [Modules] Module download path: /home/oleg/.config/discord/0.0.27/modules/pending
2023-06-24T19:46:06.856Z [Modules] No updates to install
2023-06-24T19:46:06.860Z [Modules] Host is up to date.
2023-06-24T19:46:06.863Z [Modules] Checking for module updates at https://discord.com/api/modules/stable/versions.json
2023-06-24T19:46:07.103Z [Modules] No module updates available.
2023-06-24T19:46:18.145Z [Modules] Host is up to date.
2023-06-24T19:46:18.146Z [Modules] Checking for module updates at https://discord.com/api/modules/stable/versions.json
2023-06-24T19:46:18.158Z [Modules] No module updates available.
2023-06-24T20:01:56.538Z [Modules] Modules initializing
2023-06-24T20:01:56.541Z [Modules] Distribution: remote
2023-06-24T20:01:56.541Z [Modules] Host updates: disabled
2023-06-24T20:01:56.541Z [Modules] Module updates: enabled
2023-06-24T20:01:56.542Z [Modules] Module install path: /home/oleg/.config/discord/0.0.27/modules
2023-06-24T20:01:56.542Z [Modules] Module installed file path: /home/oleg/.config/discord/0.0.27/modules/installed.json
2023-06-24T20:01:56.543Z [Modules] Module download path: /home/oleg/.config/discord/0.0.27/modules/pending
2023-06-24T20:01:57.139Z [Modules] No updates to install
2023-06-24T20:01:57.141Z [Modules] Host is up to date.
2023-06-24T20:01:57.141Z [Modules] Checking for module updates at https://discord.com/api/modules/stable/versions.json
2023-06-24T20:01:57.373Z [Modules] No module updates available.
2023-06-24T20:02:03.968Z [Modules] Host is up to date.
2023-06-24T20:02:03.968Z [Modules] Checking for module updates at https://discord.com/api/modules/stable/versions.json
2023-06-24T20:02:03.976Z [Modules] No module updates available.
2023-06-24T20:14:43.034Z [Modules] Modules initializing
2023-06-24T20:14:43.035Z [Modules] Distribution: remote
2023-06-24T20:14:43.035Z [Modules] Host updates: disabled
2023-06-24T20:14:43.035Z [Modules] Module updates: enabled
2023-06-24T20:14:43.036Z [Modules] Module install path: /home/oleg/.config/discord/0.0.27/modules
2023-06-24T20:14:43.036Z [Modules] Module installed file path: /home/oleg/.config/discord/0.0.27/modules/installed.json
2023-06-24T20:14:43.036Z [Modules] Module download path: /home/oleg/.config/discord/0.0.27/modules/pending
2023-06-24T20:14:43.514Z [Modules] No updates to install
2023-06-24T20:14:43.516Z [Modules] Host is up to date.
2023-06-24T20:14:43.516Z [Modules] Checking for module updates at https://discord.com/api/modules/stable/versions.json
2023-06-24T20:14:43.714Z [Modules] No module updates available.
2023-06-24T20:14:50.600Z [Modules] Host is up to date.
2023-06-24T20:14:50.601Z [Modules] Checking for module updates at https://discord.com/api/modules/stable/versions.json
2023-06-24T20:14:50.608Z [Modules] No module updates available.
2023-06-24T20:45:43.555Z [Modules] Host is up to date.
2023-06-24T20:45:43.555Z [Modules] Checking for module updates at https://discord.com/api/modules/stable/versions.json
2023-06-24T20:45:43.588Z [Modules] No module updates available.
2023-06-24T20:47:04.198Z [Modules] Modules initializing
2023-06-24T20:47:04.199Z [Modules] Distribution: remote
2023-06-24T20:47:04.199Z [Modules] Host updates: disabled
2023-06-24T20:47:04.199Z [Modules] Module updates: enabled
2023-06-24T20:47:04.200Z [Modules] Module install path: /home/oleg/.config/discord/0.0.27/modules
2023-06-24T20:47:04.200Z [Modules] Module installed file path: /home/oleg/.config/discord/0.0.27/modules/installed.json
2023-06-24T20:47:04.200Z [Modules] Module download path: /home/oleg/.config/discord/0.0.27/modules/pending
2023-06-24T20:47:04.688Z [Modules] No updates to install
2023-06-24T20:47:04.692Z [Modules] Host is up to date.
2023-06-24T20:47:04.693Z [Modules] Checking for module updates at https://discord.com/api/modules/stable/versions.json
2023-06-24T20:47:04.725Z [Modules] No module updates available.
2023-06-24T20:47:13.053Z [Modules] Host is up to date.
2023-06-24T20:47:13.053Z [Modules] Checking for module updates at https://discord.com/api/modules/stable/versions.json
2023-06-24T20:47:13.065Z [Modules] No module updates available.
2023-06-24T21:04:57.792Z [Modules] Modules initializing
2023-06-24T21:04:57.793Z [Modules] Distribution: remote
2023-06-24T21:04:57.793Z [Modules] Host updates: disabled
2023-06-24T21:04:57.793Z [Modules] Module updates: enabled
2023-06-24T21:04:57.794Z [Modules] Module install path: /home/oleg/.config/discord/0.0.27/modules
2023-06-24T21:04:57.794Z [Modules] Module installed file path: /home/oleg/.config/discord/0.0.27/modules/installed.json
2023-06-24T21:04:57.794Z [Modules] Module download path: /home/oleg/.config/discord/0.0.27/modules/pending
2023-06-24T21:04:58.249Z [Modules] No updates to install
2023-06-24T21:04:58.251Z [Modules] Host is up to date.
2023-06-24T21:04:58.251Z [Modules] Checking for module updates at https://discord.com/api/modules/stable/versions.json
2023-06-24T21:04:58.527Z [Modules] No module updates available.
2023-06-24T21:05:05.300Z [Modules] Host is up to date.
2023-06-24T21:05:05.301Z [Modules] Checking for module updates at https://discord.com/api/modules/stable/versions.json
2023-06-24T21:05:05.334Z [Modules] No module updates available.
2023-06-24T21:08:42.881Z [Modules] Modules initializing
2023-06-24T21:08:42.881Z [Modules] Distribution: remote
2023-06-24T21:08:42.882Z [Modules] Host updates: disabled
2023-06-24T21:08:42.882Z [Modules] Module updates: enabled
2023-06-24T21:08:42.882Z [Modules] Module install path: /home/oleg/.config/discord/0.0.27/modules
2023-06-24T21:08:42.882Z [Modules] Module installed file path: /home/oleg/.config/discord/0.0.27/modules/installed.json
2023-06-24T21:08:42.883Z [Modules] Module download path: /home/oleg/.config/discord/0.0.27/modules/pending
2023-06-24T21:08:43.359Z [Modules] No updates to install
2023-06-24T21:08:43.365Z [Modules] Host is up to date.
2023-06-24T21:08:43.366Z [Modules] Checking for module updates at https://discord.com/api/modules/stable/versions.json
2023-06-24T21:08:43.395Z [Modules] No module updates available.
2023-06-24T21:08:49.957Z [Modules] Host is up to date.
2023-06-24T21:08:49.958Z [Modules] Checking for module updates at https://discord.com/api/modules/stable/versions.json
2023-06-24T21:08:49.969Z [Modules] No module updates available.
2023-06-25T09:50:15.967Z [Modules] Modules initializing
2023-06-25T09:50:15.974Z [Modules] Distribution: remote
2023-06-25T09:50:15.974Z [Modules] Host updates: disabled
2023-06-25T09:50:15.974Z [Modules] Module updates: enabled
2023-06-25T09:50:15.975Z [Modules] Module install path: /home/oleg/.config/discord/0.0.27/modules
2023-06-25T09:50:15.975Z [Modules] Module installed file path: /home/oleg/.config/discord/0.0.27/modules/installed.json
2023-06-25T09:50:15.975Z [Modules] Module download path: /home/oleg/.config/discord/0.0.27/modules/pending
2023-06-25T09:50:16.660Z [Modules] No updates to install
2023-06-25T09:50:16.661Z [Modules] Host is up to date.
2023-06-25T09:50:16.662Z [Modules] Checking for module updates at https://discord.com/api/modules/stable/versions.json
2023-06-25T09:50:16.963Z [Modules] No module updates available.
2023-06-25T09:50:24.942Z [Modules] Host is up to date.
2023-06-25T09:50:24.943Z [Modules] Checking for module updates at https://discord.com/api/modules/stable/versions.json
2023-06-25T09:50:24.957Z [Modules] No module updates available.
